
[18:58:27]root|<p>afw</p>
[19:09:12]root|<blockquote><p>this???</p></blockquote>
[19:09:32]root|<pre><code class="lang-cpp">Hello world!</code></pre>
[19:09:54]root|<pre><code class="lang-cpp">eaiwfjaoifgwaiawjogia</code></pre>
[19:13:44]root|<pre><code class="lang-cpp">wfjahiwu<br>waguawh<br>cwaihcaw<br>wiajfoa<br></code></pre><br>
[19:14:15]root|<p>@hell ow</p><br>
[19:14:25]root|<p>@hell ow</p><br>
[19:15:07]root|<p><a href="javascript:;" onclick="at(this)" class="at">hfiauw</a>&nbsp;wfawfa</p><br>
[19:16:14]root|<p><a href="javascript:;" onclick="at(this)" class="at">jnwoiafuwa</a>&nbsp;wfauwfh</p>
[19:16:35]root|<p><a href="javascript:;" onclick="at(this)" class="at">jnwoiafuwa</a>&nbsp;This is my <code>lone</code> way.</p>
[19:21:29]root|<h1 id="h1">h1</h1><h2 id="h2">h2</h2><h3 id="h3">h3</h3><h4 id="h4">h4</h4>
[19:25:58]root|<p>????????????????????????????????????</p>
[19:26:10]root|<p>uvwaigvwa<br>gawifuoaiwjcoiwac<br>awciawhofuiwahofwafcvawpivfjawoicvaw<br>vawvjoawijfva</p>
[19:26:30]root|<pre><code class="lang-cpp">This is a veryveryveryveryveryveryveryveryveryveryveryveryveryveryveryveryveryveryveryveryveryveryveryveryveryveryveryveryveryveryveryveryveryveryveryveryveryveryveryveryveryveryveryveryveryveryveryveryveryveryveryveryveryveryveryveryveryveryveryveryveryveryveryveryveryveryvery long word<br></code></pre>
[19:27:05]root|<pre><code class="lang-cpp">This is a veryveryveryveryveryveryveryveryveryveryveryveryveryveryveryveryveryveryveryveryveryveryveryveryveryveryveryveryveryveryveryveryveryveryveryveryveryveryveryveryveryveryveryveryveryveryveryveryveryveryveryveryveryveryveryveryveryveryveryveryveryveryveryveryveryveryvery long word<br></code></pre><blockquote><p>沙比提 - zyy</p></blockquote>
[19:27:45]root|<ul><li>tit1</li><li>tit2</li><li>tit3</li><li>tit4</li></ul>
[19:28:03]root|<ol><li>wafhwua</li><li>fawihvuasc</li><li>fwhaiuchaiw</li><li>ckwaovu</li></ol>
[19:28:42]root|<p>Markdown supposed.</p>
[19:29:24]root|<p><a href="/">fwagwa</a></p>
[19:31:27]root|<p>I&#39;m so alone.<br>Nothing feels like home.<br>I&#39;m so alone.<br>Try to find my way back home to you.</p>
[19:31:34]root|<blockquote><p>I&#39;m so alone.<br>Nothing feels like home.<br>I&#39;m so alone.<br>Try to find my way back home to you.</p></blockquote>
[19:33:12]root|<blockquote><p>this ??? _fwajf_</p></blockquote>
[19:33:23]root|<p>This ???Ｉ　ｌｏｖｅ　ｙｏｕ</p>
[19:33:39]root|<h1 id="-thwuah-"><a href="/">thwuah</a></h1>
[19:35:24]root|<h1 id="-this">@this</h1>
[19:35:48]root|<p><a href="javascript:;" onclick="at(this)" class="at">uwaif</a>&nbsp;wa</p>
[19:37:40]root|<p>_wfafawgwaga_</p>
[19:37:46]root|<p><em>wgawgawhgawva</em></p>
[19:40:37]root|<p>$Hello world$</p>
[19:54:40]root|<p>However, MathJax does not supported.</p>
[20:01:35]root|<p>Hefaouwfhowaf</p>